<?xml version="1.0" encoding="UTF-8"?>
<testsuite name="com.gftour.GfTourApplicationTests" tests="1" skipped="0" failures="0" errors="0" timestamp="2025-09-03T01:02:52" hostname="pkrvm7jw40e0xgp" time="0.701">
  <properties/>
  <testcase name="contextLoads()" classname="com.gftour.GfTourApplicationTests" time="0.701"/>
  <system-out><![CDATA[01:02:49.324 [Test worker] INFO org.springframework.test.context.support.AnnotationConfigContextLoaderUtils -- Could not detect default configuration classes for test class [com.gftour.GfTourApplicationTests]: GfTourApplicationTests does not declare any static, non-private, non-final, nested classes annotated with @Configuration.
01:02:49.431 [Test worker] INFO org.springframework.boot.test.context.SpringBootTestContextBootstrapper -- Found @SpringBootConfiguration com.gftour.GfTourApplication for test class com.gftour.GfTourApplicationTests
  _____  ______   _______                   
 / ____||  ____| |__   __|                  
| |  __ | |__       | | ___  _   _ _ __      
| | |_ ||  __|      | |/ _ \| | | | '__|     
| |__| || |         | | (_) | |_| | |        
 \_____||_|         |_|\___/ \__,_|_|        
                                             
 Good Feel Tour - Spring Boot Application    
 Version: 
 Spring Boot: 3.2.0
 Profile(s): default
2025-09-03 01:02:49 [Test worker] INFO  com.gftour.GfTourApplicationTests - Starting GfTourApplicationTests using Java 17.0.16 with PID 4779 (started by runner in /home/runner/work/GFTour_2/GFTour_2)
2025-09-03 01:02:49 [Test worker] INFO  com.gftour.GfTourApplicationTests - No active profile set, falling back to 1 default profile: "default"
2025-09-03 01:02:50 [Test worker] INFO  o.s.d.r.c.RepositoryConfigurationDelegate - Bootstrapping Spring Data JPA repositories in DEFAULT mode.
2025-09-03 01:02:50 [Test worker] INFO  o.s.d.r.c.RepositoryConfigurationDelegate - Finished Spring Data repository scanning in 6 ms. Found 0 JPA repository interfaces.
2025-09-03 01:02:51 [Test worker] INFO  o.h.jpa.internal.util.LogHelper - HHH000204: Processing PersistenceUnitInfo [name: default]
2025-09-03 01:02:51 [Test worker] INFO  org.hibernate.Version - HHH000412: Hibernate ORM core version 6.3.1.Final
2025-09-03 01:02:51 [Test worker] INFO  o.h.c.i.RegionFactoryInitiator - HHH000026: Second-level cache disabled
2025-09-03 01:02:51 [Test worker] INFO  o.s.o.j.p.SpringPersistenceUnitInfo - No LoadTimeWeaver setup: ignoring JPA class transformer
2025-09-03 01:02:51 [Test worker] INFO  com.zaxxer.hikari.HikariDataSource - HikariPool-1 - Starting...
2025-09-03 01:02:51 [Test worker] INFO  com.zaxxer.hikari.pool.HikariPool - HikariPool-1 - Added connection conn0: url=jdbc:h2:mem:testdb user=GFTOUR
2025-09-03 01:02:51 [Test worker] INFO  com.zaxxer.hikari.HikariDataSource - HikariPool-1 - Start completed.
2025-09-03 01:02:51 [Test worker] WARN  org.hibernate.orm.deprecation - HHH90000025: MySQL8Dialect does not need to be specified explicitly using 'hibernate.dialect' (remove the property setting and it will be selected by default)
2025-09-03 01:02:51 [Test worker] WARN  org.hibernate.orm.deprecation - HHH90000026: MySQL8Dialect has been deprecated; use org.hibernate.dialect.MySQLDialect instead
2025-09-03 01:02:51 [Test worker] INFO  o.h.e.t.j.p.i.JtaPlatformInitiator - HHH000489: No JTA platform available (set 'hibernate.transaction.jta.platform' to enable JTA platform integration)
2025-09-03 01:02:51 [Test worker] INFO  o.s.o.j.LocalContainerEntityManagerFactoryBean - Initialized JPA EntityManagerFactory for persistence unit 'default'
2025-09-03 01:02:52 [Test worker] WARN  o.s.b.a.o.j.JpaBaseConfiguration$JpaWebConfiguration - spring.jpa.open-in-view is enabled by default. Therefore, database queries may be performed during view rendering. Explicitly configure spring.jpa.open-in-view to disable this warning
2025-09-03 01:02:52 [Test worker] WARN  o.s.b.a.t.ThymeleafAutoConfiguration$DefaultTemplateResolverConfiguration - Cannot find template location: classpath:/templates/ (please add some templates, check your Thymeleaf configuration, or set spring.thymeleaf.check-template-location=false)
2025-09-03 01:02:52 [Test worker] INFO  o.s.s.web.DefaultSecurityFilterChain - Will secure any request with [org.springframework.security.web.session.DisableEncodeUrlFilter@451a4187, org.springframework.security.web.context.request.async.WebAsyncManagerIntegrationFilter@565c887e, org.springframework.security.web.context.SecurityContextHolderFilter@550f522b, org.springframework.security.web.header.HeaderWriterFilter@6065bcb7, org.springframework.web.filter.CorsFilter@5c215642, org.springframework.security.web.csrf.CsrfFilter@2de96eba, org.springframework.security.web.authentication.logout.LogoutFilter@5a4e492c, org.springframework.security.web.authentication.UsernamePasswordAuthenticationFilter@3e0327dd, org.springframework.security.web.authentication.ui.DefaultLoginPageGeneratingFilter@31450fc0, org.springframework.security.web.authentication.ui.DefaultLogoutPageGeneratingFilter@1317ac2c, org.springframework.security.web.authentication.www.BasicAuthenticationFilter@8f374de, org.springframework.security.web.savedrequest.RequestCacheAwareFilter@6a7fc4c1, org.springframework.security.web.servletapi.SecurityContextHolderAwareRequestFilter@270097ce, org.springframework.security.web.authentication.AnonymousAuthenticationFilter@416c1b0, org.springframework.security.web.access.ExceptionTranslationFilter@5c459194, org.springframework.security.web.access.intercept.AuthorizationFilter@50a1af86]
2025-09-03 01:02:52 [Test worker] INFO  com.gftour.GfTourApplicationTests - Started GfTourApplicationTests in 3.087 seconds (process running for 4.087)
]]></system-out>
  <system-err><![CDATA[]]></system-err>
</testsuite>
