<?xml version="1.0" encoding="UTF-8"?>
<testsuite name="com.gftour.DatabaseIntegrationTest" tests="3" skipped="0" failures="0" errors="0" timestamp="2025-09-03T02:01:15" hostname="pkrvm7jw40e0xgp" time="0.697">
  <properties/>
  <testcase name="should find user by username()" classname="com.gftour.DatabaseIntegrationTest" time="0.668"/>
  <testcase name="should check if username exists()" classname="com.gftour.DatabaseIntegrationTest" time="0.017"/>
  <testcase name="should save and retrieve user()" classname="com.gftour.DatabaseIntegrationTest" time="0.008"/>
  <system-out><![CDATA[02:01:11.685 [Test worker] INFO org.springframework.test.context.support.AnnotationConfigContextLoaderUtils -- Could not detect default configuration classes for test class [com.gftour.DatabaseIntegrationTest]: DatabaseIntegrationTest does not declare any static, non-private, non-final, nested classes annotated with @Configuration.
02:01:11.800 [Test worker] INFO org.springframework.boot.test.context.SpringBootTestContextBootstrapper -- Found @SpringBootConfiguration com.gftour.GftourApplication for test class com.gftour.DatabaseIntegrationTest

  .   ____          _            __ _ _
 /\\ / ___'_ __ _ _(_)_ __  __ _ \ \ \ \
( ( )\___ | '_ | '_| | '_ \/ _` | \ \ \ \
 \\/  ___)| |_)| | | | | || (_| |  ) ) ) )
  '  |____| .__|_| |_|_| |_\__, | / / / /
 =========|_|==============|___/=/_/_/_/

 :: Spring Boot ::                (v3.3.5)

2025-09-03T02:01:12.229Z  INFO 4570 --- [gftour] [    Test worker] com.gftour.DatabaseIntegrationTest       : Starting DatabaseIntegrationTest using Java 17.0.16 with PID 4570 (started by runner in /home/runner/work/GFTour_2/GFTour_2)
2025-09-03T02:01:12.230Z DEBUG 4570 --- [gftour] [    Test worker] com.gftour.DatabaseIntegrationTest       : Running with Spring Boot v3.3.5, Spring v6.1.14
2025-09-03T02:01:12.231Z  INFO 4570 --- [gftour] [    Test worker] com.gftour.DatabaseIntegrationTest       : The following 1 profile is active: "test"
2025-09-03T02:01:12.688Z  INFO 4570 --- [gftour] [    Test worker] .s.d.r.c.RepositoryConfigurationDelegate : Bootstrapping Spring Data JPA repositories in DEFAULT mode.
2025-09-03T02:01:12.766Z  INFO 4570 --- [gftour] [    Test worker] .s.d.r.c.RepositoryConfigurationDelegate : Finished Spring Data repository scanning in 70 ms. Found 4 JPA repository interfaces.
2025-09-03T02:01:12.839Z  INFO 4570 --- [gftour] [    Test worker] beddedDataSourceBeanFactoryPostProcessor : Replacing 'dataSource' DataSource bean with embedded version
2025-09-03T02:01:13.017Z  INFO 4570 --- [gftour] [    Test worker] o.s.j.d.e.EmbeddedDatabaseFactory        : Starting embedded database: url='jdbc:h2:mem:d0535420-0da3-44e9-b9f2-f21ed4666947;DB_CLOSE_DELAY=-1;DB_CLOSE_ON_EXIT=false', username='sa'
2025-09-03T02:01:13.282Z  INFO 4570 --- [gftour] [    Test worker] o.hibernate.jpa.internal.util.LogHelper  : HHH000204: Processing PersistenceUnitInfo [name: default]
2025-09-03T02:01:13.333Z  INFO 4570 --- [gftour] [    Test worker] org.hibernate.Version                    : HHH000412: Hibernate ORM core version 6.5.3.Final
2025-09-03T02:01:13.364Z  INFO 4570 --- [gftour] [    Test worker] o.h.c.internal.RegionFactoryInitiator    : HHH000026: Second-level cache disabled
2025-09-03T02:01:13.634Z  INFO 4570 --- [gftour] [    Test worker] o.s.o.j.p.SpringPersistenceUnitInfo      : No LoadTimeWeaver setup: ignoring JPA class transformer
2025-09-03T02:01:13.683Z  WARN 4570 --- [gftour] [    Test worker] org.hibernate.orm.deprecation            : HHH90000025: H2Dialect does not need to be specified explicitly using 'hibernate.dialect' (remove the property setting and it will be selected by default)
2025-09-03T02:01:14.376Z  INFO 4570 --- [gftour] [    Test worker] o.h.e.t.j.p.i.JtaPlatformInitiator       : HHH000489: No JTA platform available (set 'hibernate.transaction.jta.platform' to enable JTA platform integration)
2025-09-03T02:01:14.387Z DEBUG 4570 --- [gftour] [    Test worker] org.hibernate.SQL                        : 
    drop table if exists bookings cascade 
Hibernate: 
    drop table if exists bookings cascade 
2025-09-03T02:01:14.391Z DEBUG 4570 --- [gftour] [    Test worker] org.hibernate.SQL                        : 
    drop table if exists reviews cascade 
Hibernate: 
    drop table if exists reviews cascade 
2025-09-03T02:01:14.391Z DEBUG 4570 --- [gftour] [    Test worker] org.hibernate.SQL                        : 
    drop table if exists tours cascade 
Hibernate: 
    drop table if exists tours cascade 
2025-09-03T02:01:14.392Z DEBUG 4570 --- [gftour] [    Test worker] org.hibernate.SQL                        : 
    drop table if exists users cascade 
Hibernate: 
    drop table if exists users cascade 
2025-09-03T02:01:14.397Z DEBUG 4570 --- [gftour] [    Test worker] org.hibernate.SQL                        : 
    create table bookings (
        participant_count integer not null,
        total_price numeric(10,2) not null,
        booking_date timestamp(6),
        created_at timestamp(6),
        id bigint generated by default as identity,
        tour_id bigint not null,
        updated_at timestamp(6),
        user_id bigint not null,
        special_requests TEXT,
        status enum ('CANCELLED','COMPLETED','CONFIRMED','PENDING'),
        primary key (id)
    )
Hibernate: 
    create table bookings (
        participant_count integer not null,
        total_price numeric(10,2) not null,
        booking_date timestamp(6),
        created_at timestamp(6),
        id bigint generated by default as identity,
        tour_id bigint not null,
        updated_at timestamp(6),
        user_id bigint not null,
        special_requests TEXT,
        status enum ('CANCELLED','COMPLETED','CONFIRMED','PENDING'),
        primary key (id)
    )
2025-09-03T02:01:14.408Z DEBUG 4570 --- [gftour] [    Test worker] org.hibernate.SQL                        : 
    create table reviews (
        rating integer not null,
        booking_id bigint not null unique,
        created_at timestamp(6),
        id bigint generated by default as identity,
        tour_id bigint not null,
        updated_at timestamp(6),
        user_id bigint not null,
        comment TEXT,
        primary key (id)
    )
Hibernate: 
    create table reviews (
        rating integer not null,
        booking_id bigint not null unique,
        created_at timestamp(6),
        id bigint generated by default as identity,
        tour_id bigint not null,
        updated_at timestamp(6),
        user_id bigint not null,
        comment TEXT,
        primary key (id)
    )
2025-09-03T02:01:14.412Z DEBUG 4570 --- [gftour] [    Test worker] org.hibernate.SQL                        : 
    create table tours (
        duration integer not null,
        end_date date,
        max_participants integer not null,
        price numeric(10,2) not null,
        start_date date,
        created_at timestamp(6),
        created_by_id bigint,
        id bigint generated by default as identity,
        updated_at timestamp(6),
        description TEXT,
        location varchar(255),
        title varchar(255) not null,
        category enum ('ADVENTURE','CULTURE','FOOD','NATURE'),
        status enum ('ACTIVE','CANCELLED','INACTIVE'),
        primary key (id)
    )
Hibernate: 
    create table tours (
        duration integer not null,
        end_date date,
        max_participants integer not null,
        price numeric(10,2) not null,
        start_date date,
        created_at timestamp(6),
        created_by_id bigint,
        id bigint generated by default as identity,
        updated_at timestamp(6),
        description TEXT,
        location varchar(255),
        title varchar(255) not null,
        category enum ('ADVENTURE','CULTURE','FOOD','NATURE'),
        status enum ('ACTIVE','CANCELLED','INACTIVE'),
        primary key (id)
    )
2025-09-03T02:01:14.421Z DEBUG 4570 --- [gftour] [    Test worker] org.hibernate.SQL                        : 
    create table users (
        enabled boolean not null,
        created_at timestamp(6),
        id bigint generated by default as identity,
        updated_at timestamp(6),
        email varchar(255) not null unique,
        full_name varchar(255),
        password varchar(255) not null,
        phone_number varchar(255),
        username varchar(255) not null unique,
        role enum ('ADMIN','USER'),
        primary key (id)
    )
Hibernate: 
    create table users (
        enabled boolean not null,
        created_at timestamp(6),
        id bigint generated by default as identity,
        updated_at timestamp(6),
        email varchar(255) not null unique,
        full_name varchar(255),
        password varchar(255) not null,
        phone_number varchar(255),
        username varchar(255) not null unique,
        role enum ('ADMIN','USER'),
        primary key (id)
    )
2025-09-03T02:01:14.426Z DEBUG 4570 --- [gftour] [    Test worker] org.hibernate.SQL                        : 
    alter table if exists bookings 
       add constraint FKi21lisuytk5t7tlp7lv51ny2l 
       foreign key (tour_id) 
       references tours
Hibernate: 
    alter table if exists bookings 
       add constraint FKi21lisuytk5t7tlp7lv51ny2l 
       foreign key (tour_id) 
       references tours
2025-09-03T02:01:14.438Z DEBUG 4570 --- [gftour] [    Test worker] org.hibernate.SQL                        : 
    alter table if exists bookings 
       add constraint FKeyog2oic85xg7hsu2je2lx3s6 
       foreign key (user_id) 
       references users
Hibernate: 
    alter table if exists bookings 
       add constraint FKeyog2oic85xg7hsu2je2lx3s6 
       foreign key (user_id) 
       references users
2025-09-03T02:01:14.440Z DEBUG 4570 --- [gftour] [    Test worker] org.hibernate.SQL                        : 
    alter table if exists reviews 
       add constraint FK28an517hrxtt2bsg93uefugrm 
       foreign key (booking_id) 
       references bookings
Hibernate: 
    alter table if exists reviews 
       add constraint FK28an517hrxtt2bsg93uefugrm 
       foreign key (booking_id) 
       references bookings
2025-09-03T02:01:14.441Z DEBUG 4570 --- [gftour] [    Test worker] org.hibernate.SQL                        : 
    alter table if exists reviews 
       add constraint FKg95fdc12cdl5o06q6la9jh0dm 
       foreign key (tour_id) 
       references tours
Hibernate: 
    alter table if exists reviews 
       add constraint FKg95fdc12cdl5o06q6la9jh0dm 
       foreign key (tour_id) 
       references tours
2025-09-03T02:01:14.443Z DEBUG 4570 --- [gftour] [    Test worker] org.hibernate.SQL                        : 
    alter table if exists reviews 
       add constraint FKcgy7qjc1r99dp117y9en6lxye 
       foreign key (user_id) 
       references users
Hibernate: 
    alter table if exists reviews 
       add constraint FKcgy7qjc1r99dp117y9en6lxye 
       foreign key (user_id) 
       references users
2025-09-03T02:01:14.445Z DEBUG 4570 --- [gftour] [    Test worker] org.hibernate.SQL                        : 
    alter table if exists tours 
       add constraint FK44fji6hyvtg9k6rmhu8v1me1x 
       foreign key (created_by_id) 
       references users
Hibernate: 
    alter table if exists tours 
       add constraint FK44fji6hyvtg9k6rmhu8v1me1x 
       foreign key (created_by_id) 
       references users
2025-09-03T02:01:14.449Z  INFO 4570 --- [gftour] [    Test worker] j.LocalContainerEntityManagerFactoryBean : Initialized JPA EntityManagerFactory for persistence unit 'default'
2025-09-03T02:01:15.040Z  INFO 4570 --- [gftour] [    Test worker] o.s.d.j.r.query.QueryEnhancerFactory     : Hibernate is in classpath; If applicable, HQL parser will be used.
2025-09-03T02:01:15.541Z  INFO 4570 --- [gftour] [    Test worker] com.gftour.DatabaseIntegrationTest       : Started DatabaseIntegrationTest in 3.678 seconds (process running for 4.681)
2025-09-03T02:01:16.127Z DEBUG 4570 --- [gftour] [    Test worker] org.hibernate.SQL                        : 
    insert 
    into
        users
        (created_at, email, enabled, full_name, password, phone_number, role, updated_at, username, id) 
    values
        (?, ?, ?, ?, ?, ?, ?, ?, ?, default)
Hibernate: 
    insert 
    into
        users
        (created_at, email, enabled, full_name, password, phone_number, role, updated_at, username, id) 
    values
        (?, ?, ?, ?, ?, ?, ?, ?, ?, default)
2025-09-03T02:01:16.200Z DEBUG 4570 --- [gftour] [    Test worker] org.hibernate.SQL                        : 
    select
        u1_0.id,
        u1_0.created_at,
        u1_0.email,
        u1_0.enabled,
        u1_0.full_name,
        u1_0.password,
        u1_0.phone_number,
        u1_0.role,
        u1_0.updated_at,
        u1_0.username 
    from
        users u1_0 
    where
        u1_0.username=?
Hibernate: 
    select
        u1_0.id,
        u1_0.created_at,
        u1_0.email,
        u1_0.enabled,
        u1_0.full_name,
        u1_0.password,
        u1_0.phone_number,
        u1_0.role,
        u1_0.updated_at,
        u1_0.username 
    from
        users u1_0 
    where
        u1_0.username=?
2025-09-03T02:01:16.222Z DEBUG 4570 --- [gftour] [    Test worker] org.hibernate.SQL                        : 
    insert 
    into
        users
        (created_at, email, enabled, full_name, password, phone_number, role, updated_at, username, id) 
    values
        (?, ?, ?, ?, ?, ?, ?, ?, ?, default)
Hibernate: 
    insert 
    into
        users
        (created_at, email, enabled, full_name, password, phone_number, role, updated_at, username, id) 
    values
        (?, ?, ?, ?, ?, ?, ?, ?, ?, default)
2025-09-03T02:01:16.229Z DEBUG 4570 --- [gftour] [    Test worker] org.hibernate.SQL                        : 
    select
        u1_0.id 
    from
        users u1_0 
    where
        u1_0.username=? 
    fetch
        first ? rows only
Hibernate: 
    select
        u1_0.id 
    from
        users u1_0 
    where
        u1_0.username=? 
    fetch
        first ? rows only
2025-09-03T02:01:16.232Z DEBUG 4570 --- [gftour] [    Test worker] org.hibernate.SQL                        : 
    select
        u1_0.id 
    from
        users u1_0 
    where
        u1_0.username=? 
    fetch
        first ? rows only
Hibernate: 
    select
        u1_0.id 
    from
        users u1_0 
    where
        u1_0.username=? 
    fetch
        first ? rows only
2025-09-03T02:01:16.241Z DEBUG 4570 --- [gftour] [    Test worker] org.hibernate.SQL                        : 
    insert 
    into
        users
        (created_at, email, enabled, full_name, password, phone_number, role, updated_at, username, id) 
    values
        (?, ?, ?, ?, ?, ?, ?, ?, ?, default)
Hibernate: 
    insert 
    into
        users
        (created_at, email, enabled, full_name, password, phone_number, role, updated_at, username, id) 
    values
        (?, ?, ?, ?, ?, ?, ?, ?, ?, default)
]]></system-out>
  <system-err><![CDATA[]]></system-err>
</testsuite>
